<?xml version="1.0" encoding="UTF-8"?>
<testng-results ignored="0" total="1" passed="1" failed="0" skipped="0">
  <reporter-output>
  </reporter-output>
  <suite started-at="2020-02-23T10:13:39 EST" name="Default suite" finished-at="2020-02-23T10:13:39 EST" duration-ms="38">
    <groups>
    </groups>
    <test started-at="2020-02-23T10:13:39 EST" name="Default test" finished-at="2020-02-23T10:13:39 EST" duration-ms="38">
      <class name="Common.browsers">
        <test-method is-config="true" signature="beforeClass(java.lang.String, java.lang.String)[pri:0, instance:Common.browsers@2d2ffcb7]" started-at="2020-02-23T10:13:39 EST" name="beforeClass" finished-at="2020-02-23T10:13:39 EST" duration-ms="11" status="PASS">
          <params>
            <param index="0">
              <value>
                <![CDATA[param-val-not-found]]>
              </value>
            </param>
            <param index="1">
              <value>
                <![CDATA[param-val-not-found]]>
              </value>
            </param>
          </params>
          <reporter-output>
          </reporter-output>
        </test-method> <!-- beforeClass -->
        <test-method signature="f()[pri:0, instance:Common.browsers@2d2ffcb7]" started-at="2020-02-23T10:13:39 EST" name="f" finished-at="2020-02-23T10:13:39 EST" duration-ms="3" status="PASS">
          <reporter-output>
          </reporter-output>
        </test-method> <!-- f -->
        <test-method is-config="true" signature="afterClass()[pri:0, instance:Common.browsers@2d2ffcb7]" started-at="2020-02-23T10:13:39 EST" name="afterClass" finished-at="2020-02-23T10:13:39 EST" duration-ms="0" status="PASS">
          <reporter-output>
          </reporter-output>
        </test-method> <!-- afterClass -->
      </class> <!-- Common.browsers -->
    </test> <!-- Default test -->
  </suite> <!-- Default suite -->
</testng-results>
